<?xml version="1.0" encoding="UTF-8"?>
<!-- Generated by org.testng.reporters.JUnitReportReporter -->
<testsuite skipped="0" hostname="Tarun-PC" name="com.parameters.ParameterTest" tests="1" failures="0" timestamp="10 Jun 2019 19:01:05 GMT" time="7.783" errors="0">
  <testcase name="yahooLogin" time="7.783" classname="com.parameters.ParameterTest"/>
</testsuite> <!-- com.parameters.ParameterTest -->
