<?xml version="1.0" encoding="UTF-8"?>
<!-- Generated by org.testng.reporters.JUnitReportReporter -->
<testsuite skipped="0" hostname="Tarun-PC" name="com.test.TestNGFirst" tests="3" failures="0" timestamp="10 Jun 2019 18:33:03 GMT" time="0.011" errors="0">
  <testcase name="atTest2" time="0.004" classname="com.test.TestNGFirst"/>
  <testcase name="atTest1" time="0.005" classname="com.test.TestNGFirst"/>
  <testcase name="atTest3" time="0.002" classname="com.test.TestNGFirst"/>
</testsuite> <!-- com.test.TestNGFirst -->
